<?xml version="1.0" encoding="UTF-8"?>
<testsuite xmlns:xsi="http://www.w3.org/2001/XMLSchema-instance" xsi:noNamespaceSchemaLocation="https://maven.apache.org/surefire/maven-surefire-plugin/xsd/surefire-test-report-3.0.xsd" version="3.0" name="TestSuite" time="16.077" tests="4" errors="0" skipped="0" failures="1">
  <properties>
[...]
</properties>
  <testcase name="testApp" classname="Academy.E2Eframeworkproject.AppTest" time="0.01">
    <failure type="java.lang.AssertionError"><![CDATA[java.lang.AssertionError: 
	at Academy.E2Eframeworkproject.AppTest.testApp(AppTest.java:26)
]]></failure>
  </testcase>
  <testcase name="basePageNavigation" classname="Academy.E2Eframeworkproject.validateNavigationBar" time="4.763">
    <system-err><![CDATA[SSttaartritnigSn tCgh arCrohtmreioDnmrgei DvCrehrri ov8me6er.D0 r.8i4v62e.4r00 .8.2642.20 4.(043.29282b 0(734430353.9f8f2b30267f 4b(3133b958823b4f06f7834f636f33b5a133bfaf893326b4f4be6128bef8693ea-3rae93fb48se224/6eb88rf9a6en3-acr3hea-f9h3seb/a4bdes/ranc42h40-h@e{a#d3s7/84}2)4 o0n@ {p#o3r7t8 }1) 0o1n3 7p
oOrntly  2l8o0c1a0l
 Ocnol2nyn eel8co9tceia-lor necsfo sna/nrbeerc atanilcolhnos- whaeeraded .sa/l4l2o4w0e@d{.#
3P7l8e}a)s eon  speoer th tt3p42s9:2/
/Onclhy rloomcaeld croninevcetrio.ncs harroem ailulomwed
Please see https://chromedriver.chro.m
iPulm.e.oaorrsgge// ssseeeeccuurity-considerations for suggestions on keeping ChromeDriverr i htsya-fec.o
nstitdpesr:a/ti/ocnhsr ofmoerd rsiuvgegre.scthiromium.org/security-considerationso fnors  suoggne skteieopnisn go nC hkreeopmienDgr iCvherro mseaDfreiv.e
rC hCrshaormfoeemD.er
DirvCievhrerro me Dwwraaissv e ssrt taawrrattse des dts aursctucececsdes sfssuulfclucyle.ls
ys.fu
lly.
Oct 27, 2020 12:08:01 PM org.openqa.selenium.remote.ProtocolHandshake createSession
INFO: Detected dialect: W3C
Oct 27, 2020 12:08:01 PM org.openqa.selenium.remote.ProtocolHandshake createSession
INFO: Detected dialect: W3C
Oct 27, 2020 12:08:02 PM org.openqa.selenium.remote.ProtocolHandshake createSession
INFO: Detected dialect: W3C
]]></system-err>
  </testcase>
  <testcase name="basePageNavigation" classname="Academy.E2Eframeworkproject.validateTitle" time="4.356">
    <system-out><![CDATA[/Users/gracevallu/eclipse-workspace/E2Eframeworkproject/reports/basePageNavigation.png
]]></system-out>
    <system-err><![CDATA[Starting ChromeDriver 86.0.4240.22 (398b0743353ff36fb1b82468f63a3a93b4e2e89e-refs/branch-heads/4240@{#378}) on port 45719
Only local connections are allowed.
Please see https://chromedriver.chromium.org/security-considerations for suggestions on keeping ChromeDriver safe.
ChromeDriver was started successfully.
Oct 27, 2020 12:08:09 PM org.openqa.selenium.remote.ProtocolHandshake createSession
INFO: Detected dialect: W3C
]]></system-err>
  </testcase>
  <testcase name="basePageNavigation[grace@qaclick.com, kiru](1)" classname="Academy.E2Eframeworkproject.HomePage" time="6.321">
    <system-out><![CDATA[/Users/gracevallu/eclipse-workspace/E2Eframeworkproject/reports/basePageNavigation.png
]]></system-out>
  </testcase>
</testsuite>